Сборка начата 01.03.2023 17:11:27.
Уровень детализации журнала: Normal.     1>Проект "F:\лабы\МП\2 лаба\MP_Lab2\Boat\Boat.vcxproj" в узле 2 (целевые объекты Build).
     1>C:\Program Files (x86)\Microsoft Visual Studio\2019\Community\MSBuild\Microsoft\VC\v160\Microsoft.CppBuild.targets(513,5): warning MSB8028: промежуточный каталог (x64\Debug\) содержит файлы, которые используются совместно с другим проектом (5. Boat.vcxproj).  Это может привести к ошибкам очистки и перестроения.
     1>InitializeBuildStatus:
         Создание "x64\Debug\5. Boat .d5654f9f.tlog\unsuccessfulbuild", так как было задано "AlwaysCreate".
       ClCompile:
         C:\Program Files (x86)\Microsoft Visual Studio\2019\Community\VC\Tools\MSVC\14.29.30133\bin\HostX86\x64\CL.exe /c /ZI /JMC /nologo /W3 /WX- /diagnostics:column /sdl /Od /D _DEBUG /D _CONSOLE /D _UNICODE /D UNICODE /Gm- /EHsc /RTC1 /MDd /GS /fp:precise /permissive- /Zc:wchar_t /Zc:forScope /Zc:inline /Fo"x64\Debug\\" /Fd"x64\Debug\vc142.pdb" /external:W3 /Gd /TP /FC /errorReport:prompt MainBoat.cpp
         MainBoat.cpp
     1>F:\лабы\МП\2 лаба\MP_Lab2\Boat\Boat.h(5,10): warning C4067: непредвиденные лексемы за директивой препроцессора, требуется newline
       Link:
         C:\Program Files (x86)\Microsoft Visual Studio\2019\Community\VC\Tools\MSVC\14.29.30133\bin\HostX86\x64\link.exe /ERRORREPORT:PROMPT /OUT:"F:\лабы\МП\2 лаба\MP_Lab2\x64\Debug\5. Boat (using C).exe" /INCREMENTAL /ILK:"x64\Debug\5. Boat (using C).ilk" /NOLOGO kernel32.lib user32.lib gdi32.lib winspool.lib comdlg32.lib advapi32.lib shell32.lib ole32.lib oleaut32.lib uuid.lib odbc32.lib odbccp32.lib /MANIFEST /MANIFESTUAC:"level='asInvoker' uiAccess='false'" /manifest:embed /DEBUG /PDB:"F:\лабы\МП\2 лаба\MP_Lab2\x64\Debug\5. Boat (using C).pdb" /SUBSYSTEM:CONSOLE /TLBID:1 /DYNAMICBASE /NXCOMPAT /IMPLIB:"F:\лабы\МП\2 лаба\MP_Lab2\x64\Debug\5. Boat (using C).lib" /MACHINE:X64 x64\Debug\Auxil.obj
         x64\Debug\Boat.obj
         x64\Debug\MainBoat.obj
         Boat.vcxproj -> F:\лабы\МП\2 лаба\MP_Lab2\x64\Debug\5. Boat (using C).exe
       FinalizeBuildStatus:
         Файл "x64\Debug\5. Boat .d5654f9f.tlog\unsuccessfulbuild" удаляется.
         Обращение к "x64\Debug\5. Boat .d5654f9f.tlog\5. Boat (using C).lastbuildstate".
     1>Сборка проекта "F:\лабы\МП\2 лаба\MP_Lab2\Boat\Boat.vcxproj" завершена (целевые объекты Build).

Сборка успешно завершена.

       "F:\лабы\МП\2 лаба\MP_Lab2\Boat\Boat.vcxproj" (целевой объект Build ) (1) ->
       (Целевой объект PrepareForBuild) -> 
         C:\Program Files (x86)\Microsoft Visual Studio\2019\Community\MSBuild\Microsoft\VC\v160\Microsoft.CppBuild.targets(513,5): warning MSB8028: промежуточный каталог (x64\Debug\) содержит файлы, которые используются совместно с другим проектом (5. Boat.vcxproj).  Это может привести к ошибкам очистки и перестроения.


       "F:\лабы\МП\2 лаба\MP_Lab2\Boat\Boat.vcxproj" (целевой объект Build ) (1) ->
       (Целевой объект ClCompile) -> 
         F:\лабы\МП\2 лаба\MP_Lab2\Boat\Boat.h(5,10): warning C4067: непредвиденные лексемы за директивой препроцессора, требуется newline

    Предупреждений: 2
    Ошибок: 0

Прошло времени 00:00:00.84
