c:\users\valda\source\repos\semester #4\mp_labs\mp_lab2\razmeshcheniya\x64\debug\vc143.pdb
c:\users\valda\source\repos\semester #4\mp_labs\mp_lab2\razmeshcheniya\x64\debug\vc143.idb
c:\users\valda\source\repos\semester #4\mp_labs\mp_lab2\razmeshcheniya\x64\debug\razmeshcheniya.obj
c:\users\valda\source\repos\semester #4\mp_labs\mp_lab2\razmeshcheniya\x64\debug\combi.obj
f:\лабы\мп\2 лаба\mp_lab2\razmeshcheniya\x64\debug\vc142.pdb
f:\лабы\мп\2 лаба\mp_lab2\razmeshcheniya\x64\debug\vc142.idb
f:\лабы\мп\2 лаба\mp_lab2\razmeshcheniya\x64\debug\razmeshcheniya.obj
f:\лабы\мп\2 лаба\mp_lab2\razmeshcheniya\x64\debug\combi.obj
c:\users\valda\source\repos\semester #4\mp_labs\mp_lab2\x64\debug\4. razmeshcheniya (a).exe
c:\users\valda\source\repos\semester #4\mp_labs\mp_lab2\razmeshcheniya\x64\debug\4. razmeshcheniya (a).ilk
c:\users\valda\source\repos\semester #4\mp_labs\mp_lab2\x64\debug\4. razmeshcheniya (a).pdb
f:\лабы\мп\2 лаба\mp_lab2\razmeshcheniya\x64\debug\4. razmeshcheniya (a).ilk
f:\лабы\мп\2 лаба\mp_lab2\x64\debug\4. razmeshcheniya (a).exe
f:\лабы\мп\2 лаба\mp_lab2\x64\debug\4. razmeshcheniya (a).pdb
f:\лабы\мп\2 лаба\mp_lab2\razmeshcheniya\x64\debug\4. razmeshcheniya.ilk
f:\лабы\мп\2 лаба\mp_lab2\razmeshcheniya\x64\debug\vc143.idb
f:\лабы\мп\2 лаба\mp_lab2\razmeshcheniya\x64\debug\vc143.pdb
f:\лабы\мп\2 лаба\mp_lab2\razmeshcheniya\x64\debug\4. razme.089fcc96.tlog\cl.command.1.tlog
f:\лабы\мп\2 лаба\mp_lab2\razmeshcheniya\x64\debug\4. razme.089fcc96.tlog\cl.read.1.tlog
f:\лабы\мп\2 лаба\mp_lab2\razmeshcheniya\x64\debug\4. razme.089fcc96.tlog\cl.write.1.tlog
f:\лабы\мп\2 лаба\mp_lab2\razmeshcheniya\x64\debug\4. razme.089fcc96.tlog\link.command.1.tlog
f:\лабы\мп\2 лаба\mp_lab2\razmeshcheniya\x64\debug\4. razme.089fcc96.tlog\link.read.1.tlog
f:\лабы\мп\2 лаба\mp_lab2\razmeshcheniya\x64\debug\4. razme.089fcc96.tlog\link.write.1.tlog
