c:\users\valda\source\repos\semester #4\mp_labs\mp_lab2\mp_lab2\x64\debug\vc143.pdb
c:\users\valda\source\repos\semester #4\mp_labs\mp_lab2\mp_lab2\x64\debug\vc143.idb
c:\users\valda\source\repos\semester #4\mp_labs\mp_lab2\mp_lab2\x64\debug\podmnozhestva.obj
c:\users\valda\source\repos\semester #4\mp_labs\mp_lab2\mp_lab2\x64\debug\combi.obj
f:\лабы\мп\2 лаба\mp_lab2\mp_lab2\x64\debug\vc142.pdb
f:\лабы\мп\2 лаба\mp_lab2\mp_lab2\x64\debug\vc142.idb
f:\лабы\мп\2 лаба\mp_lab2\mp_lab2\x64\debug\podmnozhestva.obj
f:\лабы\мп\2 лаба\mp_lab2\mp_lab2\x64\debug\combi.obj
c:\users\valda\source\repos\semester #4\mp_labs\mp_lab2\x64\debug\1. podmnozhestva.exe
c:\users\valda\source\repos\semester #4\mp_labs\mp_lab2\mp_lab2\x64\debug\1. podmnozhestva.ilk
c:\users\valda\source\repos\semester #4\mp_labs\mp_lab2\x64\debug\1. podmnozhestva.pdb
f:\лабы\мп\2 лаба\mp_lab2\mp_lab2\x64\debug\1. podmnozhestva.ilk
f:\лабы\мп\2 лаба\mp_lab2\x64\debug\1. podmnozhestva.exe
f:\лабы\мп\2 лаба\mp_lab2\x64\debug\1. podmnozhestva.pdb
f:\лабы\мп\2 лаба\mp_lab2\mp_lab2\x64\debug\mp_lab2.obj
f:\лабы\мп\2 лаба\mp_lab2\mp_lab2\x64\debug\combinations.ilk
f:\лабы\мп\2 лаба\mp_lab2\mp_lab2\x64\debug\mp_lab2.ilk
f:\лабы\мп\2 лаба\mp_lab2\mp_lab2\x64\debug\vc143.idb
f:\лабы\мп\2 лаба\mp_lab2\mp_lab2\x64\debug\vc143.pdb
f:\лабы\мп\2 лаба\mp_lab2\mp_lab2\x64\debug\1. podmnozhestva.tlog\cl.command.1.tlog
f:\лабы\мп\2 лаба\mp_lab2\mp_lab2\x64\debug\1. podmnozhestva.tlog\cl.read.1.tlog
f:\лабы\мп\2 лаба\mp_lab2\mp_lab2\x64\debug\1. podmnozhestva.tlog\cl.write.1.tlog
f:\лабы\мп\2 лаба\mp_lab2\mp_lab2\x64\debug\1. podmnozhestva.tlog\link.command.1.tlog
f:\лабы\мп\2 лаба\mp_lab2\mp_lab2\x64\debug\1. podmnozhestva.tlog\link.read.1.tlog
f:\лабы\мп\2 лаба\mp_lab2\mp_lab2\x64\debug\1. podmnozhestva.tlog\link.write.1.tlog
