c:\users\valda\source\repos\semester #4\mp_labs\mp_lab2\sochetaniya\x64\debug\vc143.pdb
c:\users\valda\source\repos\semester #4\mp_labs\mp_lab2\sochetaniya\x64\debug\vc143.idb
c:\users\valda\source\repos\semester #4\mp_labs\mp_lab2\sochetaniya\x64\debug\sochetaniya.obj
c:\users\valda\source\repos\semester #4\mp_labs\mp_lab2\sochetaniya\x64\debug\combi.obj
f:\лабы\мп\2 лаба\mp_lab2\sochetaniya\x64\debug\vc142.pdb
f:\лабы\мп\2 лаба\mp_lab2\sochetaniya\x64\debug\vc142.idb
f:\лабы\мп\2 лаба\mp_lab2\sochetaniya\x64\debug\sochetaniya.obj
f:\лабы\мп\2 лаба\mp_lab2\sochetaniya\x64\debug\combi.obj
c:\users\valda\source\repos\semester #4\mp_labs\mp_lab2\x64\debug\2. sochetaniya (c).exe
c:\users\valda\source\repos\semester #4\mp_labs\mp_lab2\sochetaniya\x64\debug\2. sochetaniya (c).ilk
c:\users\valda\source\repos\semester #4\mp_labs\mp_lab2\x64\debug\2. sochetaniya (c).pdb
f:\лабы\мп\2 лаба\mp_lab2\sochetaniya\x64\debug\2. sochetaniya (c).ilk
f:\лабы\мп\2 лаба\mp_lab2\x64\debug\2. sochetaniya (c).exe
f:\лабы\мп\2 лаба\mp_lab2\x64\debug\2. sochetaniya (c).pdb
f:\лабы\мп\2 лаба\mp_lab2\sochetaniya\x64\debug\sochetaniya.ilk
f:\лабы\мп\2 лаба\mp_lab2\sochetaniya\x64\debug\vc143.idb
f:\лабы\мп\2 лаба\mp_lab2\sochetaniya\x64\debug\vc143.pdb
f:\лабы\мп\2 лаба\mp_lab2\sochetaniya\x64\debug\2. soche.ac85116f.tlog\cl.command.1.tlog
f:\лабы\мп\2 лаба\mp_lab2\sochetaniya\x64\debug\2. soche.ac85116f.tlog\cl.read.1.tlog
f:\лабы\мп\2 лаба\mp_lab2\sochetaniya\x64\debug\2. soche.ac85116f.tlog\cl.write.1.tlog
f:\лабы\мп\2 лаба\mp_lab2\sochetaniya\x64\debug\2. soche.ac85116f.tlog\link.command.1.tlog
f:\лабы\мп\2 лаба\mp_lab2\sochetaniya\x64\debug\2. soche.ac85116f.tlog\link.read.1.tlog
f:\лабы\мп\2 лаба\mp_lab2\sochetaniya\x64\debug\2. soche.ac85116f.tlog\link.write.1.tlog
