Сборка начата 04.04.2023 23:31:36.
Уровень детализации журнала: Normal.     1>Проект "F:\пусть будет\мат прога\MP_Labs_4sem-master\MP_Lab4\Matrix\Matrix.vcxproj" в узле 2 (целевые объекты Build).
     1>InitializeBuildStatus:
         Создание "x64\Debug\Matrix.tlog\unsuccessfulbuild", так как было задано "AlwaysCreate".
       ClCompile:
         C:\Program Files (x86)\Microsoft Visual Studio\2019\Community\VC\Tools\MSVC\14.29.30133\bin\HostX86\x64\CL.exe /c /ZI /JMC /nologo /W3 /WX- /diagnostics:column /sdl /Od /D _DEBUG /D _CONSOLE /D _UNICODE /D UNICODE /Gm- /EHsc /RTC1 /MDd /GS /fp:precise /permissive- /Zc:wchar_t /Zc:forScope /Zc:inline /Fo"x64\Debug\\" /Fd"x64\Debug\vc142.pdb" /external:W3 /Gd /TP /FC /errorReport:prompt Matrix.cpp MultyMatrix.cpp
         Matrix.cpp
         MultyMatrix.cpp
         Создание кода...
       Link:
         C:\Program Files (x86)\Microsoft Visual Studio\2019\Community\VC\Tools\MSVC\14.29.30133\bin\HostX86\x64\link.exe /ERRORREPORT:PROMPT /OUT:"F:\пусть будет\мат прога\MP_Labs_4sem-master\MP_Lab4\x64\Debug\Matrix.exe" /INCREMENTAL /ILK:"x64\Debug\Matrix.ilk" /NOLOGO kernel32.lib user32.lib gdi32.lib winspool.lib comdlg32.lib advapi32.lib shell32.lib ole32.lib oleaut32.lib uuid.lib odbc32.lib odbccp32.lib /MANIFEST /MANIFESTUAC:"level='asInvoker' uiAccess='false'" /manifest:embed /DEBUG /PDB:"F:\пусть будет\мат прога\MP_Labs_4sem-master\MP_Lab4\x64\Debug\Matrix.pdb" /SUBSYSTEM:CONSOLE /TLBID:1 /DYNAMICBASE /NXCOMPAT /IMPLIB:"F:\пусть будет\мат прога\MP_Labs_4sem-master\MP_Lab4\x64\Debug\Matrix.lib" /MACHINE:X64 x64\Debug\Matrix.obj
         x64\Debug\MultyMatrix.obj
         Matrix.vcxproj -> F:\пусть будет\мат прога\MP_Labs_4sem-master\MP_Lab4\x64\Debug\Matrix.exe
       FinalizeBuildStatus:
         Файл "x64\Debug\Matrix.tlog\unsuccessfulbuild" удаляется.
         Обращение к "x64\Debug\Matrix.tlog\Matrix.lastbuildstate".
     1>Сборка проекта "F:\пусть будет\мат прога\MP_Labs_4sem-master\MP_Lab4\Matrix\Matrix.vcxproj" завершена (целевые объекты Build).

Сборка успешно завершена.
    Предупреждений: 0
    Ошибок: 0

Прошло времени 00:00:00.88
